1593702523158	mozrunner::runner	INFO	Running command: "/Applications/Firefox.app/Contents/MacOS/firefox-bin" "-marionette" "-foreground" "-no-remote" "-profile" "/var/folders/fd/lw5s91x96f947xsp40gd_2180000gp/T/rust_mozprofilePRacvr"
1593702526523	Marionette	INFO	Listening on port 58084
1593702526621	Marionette	WARN	TLS certificate errors will be ignored for this session
1593702527375	Marionette	INFO	Stopped listening on port 58084
1593828220248	mozrunner::runner	INFO	Running command: "/Applications/Firefox.app/Contents/MacOS/firefox-bin" "-marionette" "-foreground" "-no-remote" "-profile" "/var/folders/fd/lw5s91x96f947xsp40gd_2180000gp/T/rust_mozprofileRFsw9L"
1593828223615	Marionette	INFO	Listening on port 60565
1593828223638	Marionette	WARN	TLS certificate errors will be ignored for this session
1593828228182	Marionette	INFO	Stopped listening on port 60565
1593828742040	mozrunner::runner	INFO	Running command: "/Applications/Firefox.app/Contents/MacOS/firefox-bin" "-marionette" "-foreground" "-no-remote" "-profile" "/var/folders/fd/lw5s91x96f947xsp40gd_2180000gp/T/rust_mozprofilepircI3"
1593828745107	Marionette	INFO	Listening on port 60713
1593828745197	Marionette	WARN	TLS certificate errors will be ignored for this session
1593828759012	Marionette	INFO	Stopped listening on port 60713
1593828786048	mozrunner::runner	INFO	Running command: "/Applications/Firefox.app/Contents/MacOS/firefox-bin" "-marionette" "-foreground" "-no-remote" "-profile" "/var/folders/fd/lw5s91x96f947xsp40gd_2180000gp/T/rust_mozprofileRIUjnj"
1593828790244	Marionette	INFO	Listening on port 60790
1593828790339	Marionette	WARN	TLS certificate errors will be ignored for this session
1593828796681	Marionette	INFO	Stopped listening on port 60790
1594664276967	mozrunner::runner	INFO	Running command: "/Applications/Firefox.app/Contents/MacOS/firefox-bin" "-marionette" "-foreground" "-no-remote" "-profile" "/var/folders/fd/lw5s91x96f947xsp40gd_2180000gp/T/rust_mozprofile1Uoiaq"
1594664280341	Marionette	INFO	Listening on port 57111
1594664280410	Marionette	WARN	TLS certificate errors will be ignored for this session
1594664294397	Marionette	INFO	Stopped listening on port 57111
1594664302923	mozrunner::runner	INFO	Running command: "/Applications/Firefox.app/Contents/MacOS/firefox-bin" "-marionette" "-headless" "-foreground" "-no-remote" "-profile" "/var/folders/fd/lw5s91x96f947xsp40gd_2180000gp/T/rust_mozprofile6N4HIN"
*** You are running in headless mode.
1594664305399	Marionette	INFO	Listening on port 57298
1594664305431	Marionette	WARN	TLS certificate errors will be ignored for this session
1594664309786	Marionette	INFO	Stopped listening on port 57298
1594664730473	mozrunner::runner	INFO	Running command: "/Applications/Firefox.app/Contents/MacOS/firefox-bin" "-marionette" "-headless" "-foreground" "-no-remote" "-profile" "/var/folders/fd/lw5s91x96f947xsp40gd_2180000gp/T/rust_mozprofile4wJXlD"
*** You are running in headless mode.
1594664732905	Marionette	INFO	Listening on port 59236
1594664732984	Marionette	WARN	TLS certificate errors will be ignored for this session
1594664762772	mozrunner::runner	INFO	Running command: "/Applications/Firefox.app/Contents/MacOS/firefox-bin" "-marionette" "-headless" "-foreground" "-no-remote" "-profile" "/var/folders/fd/lw5s91x96f947xsp40gd_2180000gp/T/rust_mozprofileuloEF4"
*** You are running in headless mode.
1594664765595	Marionette	INFO	Listening on port 59500
1594664765614	Marionette	WARN	TLS certificate errors will be ignored for this session
1594664769932	Marionette	INFO	Stopped listening on port 59500
